<?xml version="1.0" encoding="UTF-8"?>
<testsuite xmlns:xsi="http://www.w3.org/2001/XMLSchema-instance" xsi:noNamespaceSchemaLocation="https://maven.apache.org/surefire/maven-surefire-plugin/xsd/surefire-test-report.xsd" name="com.dahai.reggie.controller.EmployeeControllerTest" time="6.435" tests="1" errors="0" skipped="0" failures="0">
  <properties>
    <property name="sun.desktop" value="windows"/>
    <property name="awt.toolkit" value="sun.awt.windows.WToolkit"/>
    <property name="java.specification.version" value="12"/>
    <property name="sun.cpu.isalist" value="amd64"/>
    <property name="sun.jnu.encoding" value="GBK"/>
    <property name="java.class.path" value="E:\2024Java-stady\reggie_take_out\target\test-classes;E:\2024Java-stady\reggie_take_out\target\classes;D:\Maven_Repository\org\springframework\boot\spring-boot-starter\2.7.2\spring-boot-starter-2.7.2.jar;D:\Maven_Repository\org\springframework\boot\spring-boot\2.7.2\spring-boot-2.7.2.jar;D:\Maven_Repository\org\springframework\spring-context\5.3.22\spring-context-5.3.22.jar;D:\Maven_Repository\org\springframework\boot\spring-boot-autoconfigure\2.7.2\spring-boot-autoconfigure-2.7.2.jar;D:\Maven_Repository\org\springframework\boot\spring-boot-starter-logging\2.7.2\spring-boot-starter-logging-2.7.2.jar;D:\Maven_Repository\ch\qos\logback\logback-classic\1.2.11\logback-classic-1.2.11.jar;D:\Maven_Repository\ch\qos\logback\logback-core\1.2.11\logback-core-1.2.11.jar;D:\Maven_Repository\org\apache\logging\log4j\log4j-to-slf4j\2.17.2\log4j-to-slf4j-2.17.2.jar;D:\Maven_Repository\org\apache\logging\log4j\log4j-api\2.17.2\log4j-api-2.17.2.jar;D:\Maven_Repository\org\slf4j\jul-to-slf4j\1.7.36\jul-to-slf4j-1.7.36.jar;D:\Maven_Repository\jakarta\annotation\jakarta.annotation-api\1.3.5\jakarta.annotation-api-1.3.5.jar;D:\Maven_Repository\org\springframework\spring-core\5.3.22\spring-core-5.3.22.jar;D:\Maven_Repository\org\springframework\spring-jcl\5.3.22\spring-jcl-5.3.22.jar;D:\Maven_Repository\org\yaml\snakeyaml\1.30\snakeyaml-1.30.jar;D:\Maven_Repository\org\springframework\boot\spring-boot-starter-test\2.7.2\spring-boot-starter-test-2.7.2.jar;D:\Maven_Repository\org\springframework\boot\spring-boot-test\2.7.2\spring-boot-test-2.7.2.jar;D:\Maven_Repository\org\springframework\boot\spring-boot-test-autoconfigure\2.7.2\spring-boot-test-autoconfigure-2.7.2.jar;D:\Maven_Repository\com\jayway\jsonpath\json-path\2.7.0\json-path-2.7.0.jar;D:\Maven_Repository\net\minidev\json-smart\2.4.8\json-smart-2.4.8.jar;D:\Maven_Repository\net\minidev\accessors-smart\2.4.8\accessors-smart-2.4.8.jar;D:\Maven_Repository\org\ow2\asm\asm\9.1\asm-9.1.jar;D:\Maven_Repository\jakarta\xml\bind\jakarta.xml.bind-api\2.3.3\jakarta.xml.bind-api-2.3.3.jar;D:\Maven_Repository\jakarta\activation\jakarta.activation-api\1.2.2\jakarta.activation-api-1.2.2.jar;D:\Maven_Repository\org\assertj\assertj-core\3.22.0\assertj-core-3.22.0.jar;D:\Maven_Repository\org\hamcrest\hamcrest\2.2\hamcrest-2.2.jar;D:\Maven_Repository\org\junit\jupiter\junit-jupiter\5.8.2\junit-jupiter-5.8.2.jar;D:\Maven_Repository\org\junit\jupiter\junit-jupiter-api\5.8.2\junit-jupiter-api-5.8.2.jar;D:\Maven_Repository\org\opentest4j\opentest4j\1.2.0\opentest4j-1.2.0.jar;D:\Maven_Repository\org\junit\platform\junit-platform-commons\1.8.2\junit-platform-commons-1.8.2.jar;D:\Maven_Repository\org\apiguardian\apiguardian-api\1.1.2\apiguardian-api-1.1.2.jar;D:\Maven_Repository\org\junit\jupiter\junit-jupiter-params\5.8.2\junit-jupiter-params-5.8.2.jar;D:\Maven_Repository\org\junit\jupiter\junit-jupiter-engine\5.8.2\junit-jupiter-engine-5.8.2.jar;D:\Maven_Repository\org\junit\platform\junit-platform-engine\1.8.2\junit-platform-engine-1.8.2.jar;D:\Maven_Repository\org\mockito\mockito-core\4.5.1\mockito-core-4.5.1.jar;D:\Maven_Repository\net\bytebuddy\byte-buddy\1.12.12\byte-buddy-1.12.12.jar;D:\Maven_Repository\net\bytebuddy\byte-buddy-agent\1.12.12\byte-buddy-agent-1.12.12.jar;D:\Maven_Repository\org\objenesis\objenesis\3.2\objenesis-3.2.jar;D:\Maven_Repository\org\mockito\mockito-junit-jupiter\4.5.1\mockito-junit-jupiter-4.5.1.jar;D:\Maven_Repository\org\skyscreamer\jsonassert\1.5.1\jsonassert-1.5.1.jar;D:\Maven_Repository\com\vaadin\external\google\android-json\0.0.20131108.vaadin1\android-json-0.0.20131108.vaadin1.jar;D:\Maven_Repository\org\springframework\spring-test\5.3.22\spring-test-5.3.22.jar;D:\Maven_Repository\org\xmlunit\xmlunit-core\2.9.0\xmlunit-core-2.9.0.jar;D:\Maven_Repository\org\springframework\boot\spring-boot-starter-web\2.7.2\spring-boot-starter-web-2.7.2.jar;D:\Maven_Repository\org\springframework\boot\spring-boot-starter-json\2.7.2\spring-boot-starter-json-2.7.2.jar;D:\Maven_Repository\com\fasterxml\jackson\core\jackson-databind\2.13.3\jackson-databind-2.13.3.jar;D:\Maven_Repository\com\fasterxml\jackson\core\jackson-annotations\2.13.3\jackson-annotations-2.13.3.jar;D:\Maven_Repository\com\fasterxml\jackson\core\jackson-core\2.13.3\jackson-core-2.13.3.jar;D:\Maven_Repository\com\fasterxml\jackson\datatype\jackson-datatype-jdk8\2.13.3\jackson-datatype-jdk8-2.13.3.jar;D:\Maven_Repository\com\fasterxml\jackson\datatype\jackson-datatype-jsr310\2.13.3\jackson-datatype-jsr310-2.13.3.jar;D:\Maven_Repository\com\fasterxml\jackson\module\jackson-module-parameter-names\2.13.3\jackson-module-parameter-names-2.13.3.jar;D:\Maven_Repository\org\springframework\boot\spring-boot-starter-tomcat\2.7.2\spring-boot-starter-tomcat-2.7.2.jar;D:\Maven_Repository\org\apache\tomcat\embed\tomcat-embed-core\9.0.65\tomcat-embed-core-9.0.65.jar;D:\Maven_Repository\org\apache\tomcat\embed\tomcat-embed-el\9.0.65\tomcat-embed-el-9.0.65.jar;D:\Maven_Repository\org\apache\tomcat\embed\tomcat-embed-websocket\9.0.65\tomcat-embed-websocket-9.0.65.jar;D:\Maven_Repository\org\springframework\spring-web\5.3.22\spring-web-5.3.22.jar;D:\Maven_Repository\org\springframework\spring-beans\5.3.22\spring-beans-5.3.22.jar;D:\Maven_Repository\org\springframework\spring-webmvc\5.3.22\spring-webmvc-5.3.22.jar;D:\Maven_Repository\org\springframework\spring-aop\5.3.22\spring-aop-5.3.22.jar;D:\Maven_Repository\org\springframework\spring-expression\5.3.22\spring-expression-5.3.22.jar;D:\Maven_Repository\com\baomidou\mybatis-plus-boot-starter\3.5.2\mybatis-plus-boot-starter-3.5.2.jar;D:\Maven_Repository\com\baomidou\mybatis-plus\3.5.2\mybatis-plus-3.5.2.jar;D:\Maven_Repository\com\baomidou\mybatis-plus-extension\3.5.2\mybatis-plus-extension-3.5.2.jar;D:\Maven_Repository\com\baomidou\mybatis-plus-core\3.5.2\mybatis-plus-core-3.5.2.jar;D:\Maven_Repository\com\baomidou\mybatis-plus-annotation\3.5.2\mybatis-plus-annotation-3.5.2.jar;D:\Maven_Repository\com\github\jsqlparser\jsqlparser\4.4\jsqlparser-4.4.jar;D:\Maven_Repository\org\mybatis\mybatis\3.5.10\mybatis-3.5.10.jar;D:\Maven_Repository\org\mybatis\mybatis-spring\2.0.7\mybatis-spring-2.0.7.jar;D:\Maven_Repository\org\jetbrains\kotlin\kotlin-stdlib-jdk8\1.6.21\kotlin-stdlib-jdk8-1.6.21.jar;D:\Maven_Repository\org\jetbrains\kotlin\kotlin-stdlib\1.6.21\kotlin-stdlib-1.6.21.jar;D:\Maven_Repository\org\jetbrains\kotlin\kotlin-stdlib-common\1.6.21\kotlin-stdlib-common-1.6.21.jar;D:\Maven_Repository\org\jetbrains\annotations\13.0\annotations-13.0.jar;D:\Maven_Repository\org\jetbrains\kotlin\kotlin-stdlib-jdk7\1.6.21\kotlin-stdlib-jdk7-1.6.21.jar;D:\Maven_Repository\org\springframework\boot\spring-boot-starter-jdbc\2.7.2\spring-boot-starter-jdbc-2.7.2.jar;D:\Maven_Repository\com\zaxxer\HikariCP\4.0.3\HikariCP-4.0.3.jar;D:\Maven_Repository\org\springframework\spring-jdbc\5.3.22\spring-jdbc-5.3.22.jar;D:\Maven_Repository\org\springframework\spring-tx\5.3.22\spring-tx-5.3.22.jar;D:\Maven_Repository\org\projectlombok\lombok\1.18.24\lombok-1.18.24.jar;D:\Maven_Repository\commons-lang\commons-lang\2.5\commons-lang-2.5.jar;D:\Maven_Repository\mysql\mysql-connector-java\8.0.29\mysql-connector-java-8.0.29.jar;D:\Maven_Repository\com\alibaba\druid-spring-boot-starter\1.1.23\druid-spring-boot-starter-1.1.23.jar;D:\Maven_Repository\com\alibaba\druid\1.1.23\druid-1.1.23.jar;D:\Maven_Repository\org\slf4j\slf4j-api\1.7.36\slf4j-api-1.7.36.jar;"/>
    <property name="java.vm.vendor" value="Oracle Corporation"/>
    <property name="sun.arch.data.model" value="64"/>
    <property name="user.variant" value=""/>
    <property name="java.vendor.url" value="https://java.oracle.com/"/>
    <property name="user.timezone" value="Asia/Shanghai"/>
    <property name="os.name" value="Windows 10"/>
    <property name="java.vm.specification.version" value="12"/>
    <property name="sun.java.launcher" value="SUN_STANDARD"/>
    <property name="user.country" value="CN"/>
    <property name="sun.boot.library.path" value="D:\Java\jdk12\bin"/>
    <property name="sun.java.command" value="C:\Users\Administrator\AppData\Local\Temp\surefire3408345812645904144\surefirebooter14610506694257123319.jar C:\Users\Administrator\AppData\Local\Temp\surefire3408345812645904144 2024-07-04T17-17-10_000-jvmRun1 surefire4553144656895413298tmp surefire_010888013413114986915tmp"/>
    <property name="jdk.debug" value="release"/>
    <property name="surefire.test.class.path" value="E:\2024Java-stady\reggie_take_out\target\test-classes;E:\2024Java-stady\reggie_take_out\target\classes;D:\Maven_Repository\org\springframework\boot\spring-boot-starter\2.7.2\spring-boot-starter-2.7.2.jar;D:\Maven_Repository\org\springframework\boot\spring-boot\2.7.2\spring-boot-2.7.2.jar;D:\Maven_Repository\org\springframework\spring-context\5.3.22\spring-context-5.3.22.jar;D:\Maven_Repository\org\springframework\boot\spring-boot-autoconfigure\2.7.2\spring-boot-autoconfigure-2.7.2.jar;D:\Maven_Repository\org\springframework\boot\spring-boot-starter-logging\2.7.2\spring-boot-starter-logging-2.7.2.jar;D:\Maven_Repository\ch\qos\logback\logback-classic\1.2.11\logback-classic-1.2.11.jar;D:\Maven_Repository\ch\qos\logback\logback-core\1.2.11\logback-core-1.2.11.jar;D:\Maven_Repository\org\apache\logging\log4j\log4j-to-slf4j\2.17.2\log4j-to-slf4j-2.17.2.jar;D:\Maven_Repository\org\apache\logging\log4j\log4j-api\2.17.2\log4j-api-2.17.2.jar;D:\Maven_Repository\org\slf4j\jul-to-slf4j\1.7.36\jul-to-slf4j-1.7.36.jar;D:\Maven_Repository\jakarta\annotation\jakarta.annotation-api\1.3.5\jakarta.annotation-api-1.3.5.jar;D:\Maven_Repository\org\springframework\spring-core\5.3.22\spring-core-5.3.22.jar;D:\Maven_Repository\org\springframework\spring-jcl\5.3.22\spring-jcl-5.3.22.jar;D:\Maven_Repository\org\yaml\snakeyaml\1.30\snakeyaml-1.30.jar;D:\Maven_Repository\org\springframework\boot\spring-boot-starter-test\2.7.2\spring-boot-starter-test-2.7.2.jar;D:\Maven_Repository\org\springframework\boot\spring-boot-test\2.7.2\spring-boot-test-2.7.2.jar;D:\Maven_Repository\org\springframework\boot\spring-boot-test-autoconfigure\2.7.2\spring-boot-test-autoconfigure-2.7.2.jar;D:\Maven_Repository\com\jayway\jsonpath\json-path\2.7.0\json-path-2.7.0.jar;D:\Maven_Repository\net\minidev\json-smart\2.4.8\json-smart-2.4.8.jar;D:\Maven_Repository\net\minidev\accessors-smart\2.4.8\accessors-smart-2.4.8.jar;D:\Maven_Repository\org\ow2\asm\asm\9.1\asm-9.1.jar;D:\Maven_Repository\jakarta\xml\bind\jakarta.xml.bind-api\2.3.3\jakarta.xml.bind-api-2.3.3.jar;D:\Maven_Repository\jakarta\activation\jakarta.activation-api\1.2.2\jakarta.activation-api-1.2.2.jar;D:\Maven_Repository\org\assertj\assertj-core\3.22.0\assertj-core-3.22.0.jar;D:\Maven_Repository\org\hamcrest\hamcrest\2.2\hamcrest-2.2.jar;D:\Maven_Repository\org\junit\jupiter\junit-jupiter\5.8.2\junit-jupiter-5.8.2.jar;D:\Maven_Repository\org\junit\jupiter\junit-jupiter-api\5.8.2\junit-jupiter-api-5.8.2.jar;D:\Maven_Repository\org\opentest4j\opentest4j\1.2.0\opentest4j-1.2.0.jar;D:\Maven_Repository\org\junit\platform\junit-platform-commons\1.8.2\junit-platform-commons-1.8.2.jar;D:\Maven_Repository\org\apiguardian\apiguardian-api\1.1.2\apiguardian-api-1.1.2.jar;D:\Maven_Repository\org\junit\jupiter\junit-jupiter-params\5.8.2\junit-jupiter-params-5.8.2.jar;D:\Maven_Repository\org\junit\jupiter\junit-jupiter-engine\5.8.2\junit-jupiter-engine-5.8.2.jar;D:\Maven_Repository\org\junit\platform\junit-platform-engine\1.8.2\junit-platform-engine-1.8.2.jar;D:\Maven_Repository\org\mockito\mockito-core\4.5.1\mockito-core-4.5.1.jar;D:\Maven_Repository\net\bytebuddy\byte-buddy\1.12.12\byte-buddy-1.12.12.jar;D:\Maven_Repository\net\bytebuddy\byte-buddy-agent\1.12.12\byte-buddy-agent-1.12.12.jar;D:\Maven_Repository\org\objenesis\objenesis\3.2\objenesis-3.2.jar;D:\Maven_Repository\org\mockito\mockito-junit-jupiter\4.5.1\mockito-junit-jupiter-4.5.1.jar;D:\Maven_Repository\org\skyscreamer\jsonassert\1.5.1\jsonassert-1.5.1.jar;D:\Maven_Repository\com\vaadin\external\google\android-json\0.0.20131108.vaadin1\android-json-0.0.20131108.vaadin1.jar;D:\Maven_Repository\org\springframework\spring-test\5.3.22\spring-test-5.3.22.jar;D:\Maven_Repository\org\xmlunit\xmlunit-core\2.9.0\xmlunit-core-2.9.0.jar;D:\Maven_Repository\org\springframework\boot\spring-boot-starter-web\2.7.2\spring-boot-starter-web-2.7.2.jar;D:\Maven_Repository\org\springframework\boot\spring-boot-starter-json\2.7.2\spring-boot-starter-json-2.7.2.jar;D:\Maven_Repository\com\fasterxml\jackson\core\jackson-databind\2.13.3\jackson-databind-2.13.3.jar;D:\Maven_Repository\com\fasterxml\jackson\core\jackson-annotations\2.13.3\jackson-annotations-2.13.3.jar;D:\Maven_Repository\com\fasterxml\jackson\core\jackson-core\2.13.3\jackson-core-2.13.3.jar;D:\Maven_Repository\com\fasterxml\jackson\datatype\jackson-datatype-jdk8\2.13.3\jackson-datatype-jdk8-2.13.3.jar;D:\Maven_Repository\com\fasterxml\jackson\datatype\jackson-datatype-jsr310\2.13.3\jackson-datatype-jsr310-2.13.3.jar;D:\Maven_Repository\com\fasterxml\jackson\module\jackson-module-parameter-names\2.13.3\jackson-module-parameter-names-2.13.3.jar;D:\Maven_Repository\org\springframework\boot\spring-boot-starter-tomcat\2.7.2\spring-boot-starter-tomcat-2.7.2.jar;D:\Maven_Repository\org\apache\tomcat\embed\tomcat-embed-core\9.0.65\tomcat-embed-core-9.0.65.jar;D:\Maven_Repository\org\apache\tomcat\embed\tomcat-embed-el\9.0.65\tomcat-embed-el-9.0.65.jar;D:\Maven_Repository\org\apache\tomcat\embed\tomcat-embed-websocket\9.0.65\tomcat-embed-websocket-9.0.65.jar;D:\Maven_Repository\org\springframework\spring-web\5.3.22\spring-web-5.3.22.jar;D:\Maven_Repository\org\springframework\spring-beans\5.3.22\spring-beans-5.3.22.jar;D:\Maven_Repository\org\springframework\spring-webmvc\5.3.22\spring-webmvc-5.3.22.jar;D:\Maven_Repository\org\springframework\spring-aop\5.3.22\spring-aop-5.3.22.jar;D:\Maven_Repository\org\springframework\spring-expression\5.3.22\spring-expression-5.3.22.jar;D:\Maven_Repository\com\baomidou\mybatis-plus-boot-starter\3.5.2\mybatis-plus-boot-starter-3.5.2.jar;D:\Maven_Repository\com\baomidou\mybatis-plus\3.5.2\mybatis-plus-3.5.2.jar;D:\Maven_Repository\com\baomidou\mybatis-plus-extension\3.5.2\mybatis-plus-extension-3.5.2.jar;D:\Maven_Repository\com\baomidou\mybatis-plus-core\3.5.2\mybatis-plus-core-3.5.2.jar;D:\Maven_Repository\com\baomidou\mybatis-plus-annotation\3.5.2\mybatis-plus-annotation-3.5.2.jar;D:\Maven_Repository\com\github\jsqlparser\jsqlparser\4.4\jsqlparser-4.4.jar;D:\Maven_Repository\org\mybatis\mybatis\3.5.10\mybatis-3.5.10.jar;D:\Maven_Repository\org\mybatis\mybatis-spring\2.0.7\mybatis-spring-2.0.7.jar;D:\Maven_Repository\org\jetbrains\kotlin\kotlin-stdlib-jdk8\1.6.21\kotlin-stdlib-jdk8-1.6.21.jar;D:\Maven_Repository\org\jetbrains\kotlin\kotlin-stdlib\1.6.21\kotlin-stdlib-1.6.21.jar;D:\Maven_Repository\org\jetbrains\kotlin\kotlin-stdlib-common\1.6.21\kotlin-stdlib-common-1.6.21.jar;D:\Maven_Repository\org\jetbrains\annotations\13.0\annotations-13.0.jar;D:\Maven_Repository\org\jetbrains\kotlin\kotlin-stdlib-jdk7\1.6.21\kotlin-stdlib-jdk7-1.6.21.jar;D:\Maven_Repository\org\springframework\boot\spring-boot-starter-jdbc\2.7.2\spring-boot-starter-jdbc-2.7.2.jar;D:\Maven_Repository\com\zaxxer\HikariCP\4.0.3\HikariCP-4.0.3.jar;D:\Maven_Repository\org\springframework\spring-jdbc\5.3.22\spring-jdbc-5.3.22.jar;D:\Maven_Repository\org\springframework\spring-tx\5.3.22\spring-tx-5.3.22.jar;D:\Maven_Repository\org\projectlombok\lombok\1.18.24\lombok-1.18.24.jar;D:\Maven_Repository\commons-lang\commons-lang\2.5\commons-lang-2.5.jar;D:\Maven_Repository\mysql\mysql-connector-java\8.0.29\mysql-connector-java-8.0.29.jar;D:\Maven_Repository\com\alibaba\druid-spring-boot-starter\1.1.23\druid-spring-boot-starter-1.1.23.jar;D:\Maven_Repository\com\alibaba\druid\1.1.23\druid-1.1.23.jar;D:\Maven_Repository\org\slf4j\slf4j-api\1.7.36\slf4j-api-1.7.36.jar;"/>
    <property name="sun.cpu.endian" value="little"/>
    <property name="user.home" value="C:\Users\Administrator"/>
    <property name="user.language" value="zh"/>
    <property name="java.specification.vendor" value="Oracle Corporation"/>
    <property name="java.version.date" value="2019-07-16"/>
    <property name="java.home" value="D:\Java\jdk12"/>
    <property name="file.separator" value="\"/>
    <property name="basedir" value="E:\2024Java-stady\reggie_take_out"/>
    <property name="java.vm.compressedOopsMode" value="Zero based"/>
    <property name="line.separator" value="&#10;"/>
    <property name="java.vm.specification.vendor" value="Oracle Corporation"/>
    <property name="java.specification.name" value="Java Platform API Specification"/>
    <property name="java.awt.graphicsenv" value="sun.awt.Win32GraphicsEnvironment"/>
    <property name="surefire.real.class.path" value="C:\Users\Administrator\AppData\Local\Temp\surefire3408345812645904144\surefirebooter14610506694257123319.jar"/>
    <property name="user.script" value=""/>
    <property name="sun.management.compiler" value="HotSpot 64-Bit Tiered Compilers"/>
    <property name="java.runtime.version" value="12.0.2+10"/>
    <property name="user.name" value="Administrator"/>
    <property name="path.separator" value=";"/>
    <property name="os.version" value="10.0"/>
    <property name="java.runtime.name" value="Java(TM) SE Runtime Environment"/>
    <property name="file.encoding" value="GBK"/>
    <property name="java.vm.name" value="Java HotSpot(TM) 64-Bit Server VM"/>
    <property name="localRepository" value="D:\Maven_Repository"/>
    <property name="java.vendor.url.bug" value="https://bugreport.java.com/bugreport/"/>
    <property name="java.io.tmpdir" value="C:\Users\Administrator\AppData\Local\Temp\"/>
    <property name="idea.version" value="2024.1.2"/>
    <property name="java.version" value="12.0.2"/>
    <property name="user.dir" value="E:\2024Java-stady\reggie_take_out"/>
    <property name="os.arch" value="amd64"/>
    <property name="java.vm.specification.name" value="Java Virtual Machine Specification"/>
    <property name="sun.os.patch.level" value=""/>
    <property name="java.library.path" value="D:\Java\jdk12\bin;C:\windows\Sun\Java\bin;C:\windows\system32;C:\windows;D:\apache-maven-3.5.4\\bin;D:\Java\jdk12\bin\;C:\windows\system32;C:\windows;C:\windows\System32\Wbem;C:\windows\System32\WindowsPowerShell\v1.0\;C:\windows\System32\OpenSSH\;C:\Program Files\Bandizip\;D:\Bandizip\;D:\Git\cmd;C:\Users\Administrator\AppData\Local\Microsoft\WindowsApps;;D:\IntelliJ IDEA 2024.1.2\bin;C:\Users\Administrator\AppData\Local\Microsoft\WindowsApps;;D:\IntelliJ IDEA 2024.1.2\bin;;."/>
    <property name="java.vm.info" value="mixed mode, sharing"/>
    <property name="java.vendor" value="Oracle Corporation"/>
    <property name="java.vm.version" value="12.0.2+10"/>
    <property name="sun.io.unicode.encoding" value="UnicodeLittle"/>
    <property name="java.class.version" value="56.0"/>
  </properties>
  <testcase name="getUserTest" classname="com.dahai.reggie.controller.EmployeeControllerTest" time="1.486"/>
</testsuite>